2025-10-31 16:59:46 - ═══════════════════════════════════════════════════════════════════════════
2025-10-31 16:59:46 - VÉRIFICATION PRÉREQUIS
2025-10-31 16:59:46 - ═══════════════════════════════════════════════════════════════════════════
2025-10-31 16:59:46 - [1/3] Git...
2025-10-31 16:59:46 - ✓ Git : git version 2.51.0
2025-10-31 16:59:46 - [2/3] GitHub CLI...
2025-10-31 16:59:46 - ✓ gh : gh version 2.46.0 (2025-01-13 Debian 2.46.0-3)
2025-10-31 16:59:46 - [3/3] Authentification GitHub...
2025-10-31 16:59:47 - ✓ Authentification active
2025-10-31 16:59:47 - ═══════════════════════════════════════════════════════════════════════════
2025-10-31 16:59:47 - ✓ TOUS PRÉREQUIS OK
2025-10-31 16:59:47 - ═══════════════════════════════════════════════════════════════════════════
2025-10-31 16:59:47 - ═══════════════════════════════════════════════════════════════════════════
2025-10-31 16:59:47 - CRÉATION DÉPÔT GIT COMPLET
2025-10-31 16:59:47 - ═══════════════════════════════════════════════════════════════════════════
2025-10-31 16:59:47 - [1/6] Répertoire local: /mnt/data2_78g/Security/scripts/Projects_web/regles_contextualisation
2025-10-31 16:59:47 - → Répertoire existe, conservation fichiers
2025-10-31 16:59:47 - ✓ Accès répertoire OK
2025-10-31 16:59:47 - [2/6] Vérification Git...
2025-10-31 16:59:47 - → Initialisation nouveau dépôt Git (branche main)
2025-10-31 16:59:47 - [3/6] Fichiers de base...
2025-10-31 16:59:47 - ✓ README.md créé
2025-10-31 16:59:47 - → Pas de .gitignore demandé
2025-10-31 16:59:47 - [4/6] Dépôt distant GitHub...
2025-10-31 16:59:49 - ✓ Dépôt distant OK (VIDE)
2025-10-31 16:59:49 - [5/6] Remote origin...
2025-10-31 16:59:49 - ✓ Remote configurée
2025-10-31 16:59:49 - [6/6] Branche working...
2025-10-31 16:59:49 - ✓ Sur branche working
2025-10-31 16:59:49 - ═══════════════════════════════════════════════════════════════════════════
2025-10-31 16:59:49 - ✓ DÉPÔT CRÉÉ AVEC SUCCÈS
2025-10-31 16:59:49 - ═══════════════════════════════════════════════════════════════════════════
2025-10-31 16:59:49 - 
2025-10-31 16:59:49 - INFOS:
2025-10-31 16:59:49 -   • Nom      : regles_contextualisation
2025-10-31 16:59:49 -   • Owner    : bdelnoz
2025-10-31 16:59:49 -   • Visibilité: private
2025-10-31 16:59:49 -   • Local    : /mnt/data2_78g/Security/scripts/Projects_web/regles_contextualisation
2025-10-31 16:59:49 -   • Distant  : https://github.com/bdelnoz/regles_contextualisation (VIDE)
2025-10-31 16:59:49 -   • Branches : main, working (locale ACTIVE)
2025-10-31 16:59:49 -   • Fichiers : Untracked (prêts pour commit manuel)
2025-10-31 16:59:49 - 
2025-10-31 16:59:49 - ⚠ IMPORTANT: Dépôt distant VIDE, aucun commit auto
2025-10-31 16:59:49 - 
2025-10-31 16:59:49 - PROCHAINES ÉTAPES (MANUEL):
2025-10-31 16:59:49 -   cd /mnt/data2_78g/Security/scripts/Projects_web/regles_contextualisation
2025-10-31 16:59:49 -   git status
2025-10-31 16:59:49 -   git add .
2025-10-31 16:59:49 -   git commit -m 'Initial commit'
2025-10-31 16:59:49 -   git push -u origin working
2025-10-31 16:59:49 -   git checkout main && git merge working
2025-10-31 16:59:49 -   git push -u origin main
2025-10-31 16:59:49 - 
2025-10-31 16:59:49 - ═══════════════════════════════════════════════════════════════════════════
2025-10-31 16:59:49 - 
2025-10-31 16:59:49 - ═══════════════════════════════════════════════════════════════════════════
2025-10-31 16:59:49 - Script terminé: 2025-10-31 16:59:49
2025-10-31 16:59:49 - ═══════════════════════════════════════════════════════════════════════════
